<?xml version="1.0" encoding="UTF-8"?>
<testng-results skipped="0" failed="0" total="1" passed="1">
  <reporter-output>
    <line>
      <![CDATA[Application Opened]]>
    </line>
    <line>
      <![CDATA[title not matched and expected title isOrangeHRM - New Level of HR Management]]>
    </line>
    <line>
      <![CDATA[Login completed]]>
    </line>
    <line>
      <![CDATA[Title matched]]>
    </line>
    <line>
      <![CDATA[Logout completed]]>
    </line>
    <line>
      <![CDATA[Application closed]]>
    </line>
  </reporter-output>
  <suite name="Default suite" duration-ms="15909" started-at="2020-05-04T01:24:12Z" finished-at="2020-05-04T01:24:27Z">
    <groups>
    </groups>
    <test name="Default test" duration-ms="15909" started-at="2020-05-04T01:24:12Z" finished-at="2020-05-04T01:24:27Z">
      <class name="com.hrms.testscripts.TC001">
        <test-method status="PASS" signature="tc001()[pri:0, instance:com.hrms.testscripts.TC001@5ebec15]" name="tc001" duration-ms="15885" started-at="2020-05-04T06:54:12Z" finished-at="2020-05-04T06:54:27Z">
          <reporter-output>
            <line>
              <![CDATA[Application Opened]]>
            </line>
            <line>
              <![CDATA[title not matched and expected title isOrangeHRM - New Level of HR Management]]>
            </line>
            <line>
              <![CDATA[Login completed]]>
            </line>
            <line>
              <![CDATA[Title matched]]>
            </line>
            <line>
              <![CDATA[Logout completed]]>
            </line>
            <line>
              <![CDATA[Application closed]]>
            </line>
          </reporter-output>
        </test-method> <!-- tc001 -->
      </class> <!-- com.hrms.testscripts.TC001 -->
    </test> <!-- Default test -->
  </suite> <!-- Default suite -->
</testng-results>
